c:\users\okay\documents\projects\github\terran\terranengine\vendor\msdf-atlas-gen\msdfgen\freetype\bin-int\debug-windows-x86_64\ftcid.obj
c:\users\okay\documents\projects\github\terran\terranengine\vendor\msdf-atlas-gen\msdfgen\freetype\bin-int\debug-windows-x86_64\ftglyph.obj
c:\users\okay\documents\projects\github\terran\terranengine\vendor\msdf-atlas-gen\msdfgen\freetype\bin-int\debug-windows-x86_64\ftsystem.obj
c:\users\okay\documents\projects\github\terran\terranengine\vendor\msdf-atlas-gen\msdfgen\freetype\bin-int\debug-windows-x86_64\pcf.obj
c:\users\okay\documents\projects\github\terran\terranengine\vendor\msdf-atlas-gen\msdfgen\freetype\bin-int\debug-windows-x86_64\sdf.obj
c:\users\okay\documents\projects\github\terran\terranengine\vendor\msdf-atlas-gen\msdfgen\freetype\bin-int\debug-windows-x86_64\ftbdf.obj
c:\users\okay\documents\projects\github\terran\terranengine\vendor\msdf-atlas-gen\msdfgen\freetype\bin-int\debug-windows-x86_64\ftgasp.obj
c:\users\okay\documents\projects\github\terran\terranengine\vendor\msdf-atlas-gen\msdfgen\freetype\bin-int\debug-windows-x86_64\ftstroke.obj
c:\users\okay\documents\projects\github\terran\terranengine\vendor\msdf-atlas-gen\msdfgen\freetype\bin-int\debug-windows-x86_64\cff.obj
c:\users\okay\documents\projects\github\terran\terranengine\vendor\msdf-atlas-gen\msdfgen\freetype\bin-int\debug-windows-x86_64\psnames.obj
c:\users\okay\documents\projects\github\terran\terranengine\vendor\msdf-atlas-gen\msdfgen\freetype\bin-int\debug-windows-x86_64\winfnt.obj
c:\users\okay\documents\projects\github\terran\terranengine\vendor\msdf-atlas-gen\msdfgen\freetype\bin-int\debug-windows-x86_64\ftbitmap.obj
c:\users\okay\documents\projects\github\terran\terranengine\vendor\msdf-atlas-gen\msdfgen\freetype\bin-int\debug-windows-x86_64\ftpatent.obj
c:\users\okay\documents\projects\github\terran\terranengine\vendor\msdf-atlas-gen\msdfgen\freetype\bin-int\debug-windows-x86_64\ftwinfnt.obj
c:\users\okay\documents\projects\github\terran\terranengine\vendor\msdf-atlas-gen\msdfgen\freetype\bin-int\debug-windows-x86_64\ftlzw.obj
c:\users\okay\documents\projects\github\terran\terranengine\vendor\msdf-atlas-gen\msdfgen\freetype\bin-int\debug-windows-x86_64\raster.obj
c:\users\okay\documents\projects\github\terran\terranengine\vendor\msdf-atlas-gen\msdfgen\freetype\bin-int\debug-windows-x86_64\ftdebug.obj
c:\users\okay\documents\projects\github\terran\terranengine\vendor\msdf-atlas-gen\msdfgen\freetype\bin-int\debug-windows-x86_64\ftinit.obj
c:\users\okay\documents\projects\github\terran\terranengine\vendor\msdf-atlas-gen\msdfgen\freetype\bin-int\debug-windows-x86_64\ftsynth.obj
c:\users\okay\documents\projects\github\terran\terranengine\vendor\msdf-atlas-gen\msdfgen\freetype\bin-int\debug-windows-x86_64\type1cid.obj
c:\users\okay\documents\projects\github\terran\terranengine\vendor\msdf-atlas-gen\msdfgen\freetype\bin-int\debug-windows-x86_64\smooth.obj
c:\users\okay\documents\projects\github\terran\terranengine\vendor\msdf-atlas-gen\msdfgen\freetype\bin-int\debug-windows-x86_64\ftbbox.obj
c:\users\okay\documents\projects\github\terran\terranengine\vendor\msdf-atlas-gen\msdfgen\freetype\bin-int\debug-windows-x86_64\ftotval.obj
c:\users\okay\documents\projects\github\terran\terranengine\vendor\msdf-atlas-gen\msdfgen\freetype\bin-int\debug-windows-x86_64\ftbzip2.obj
c:\users\okay\documents\projects\github\terran\terranengine\vendor\msdf-atlas-gen\msdfgen\freetype\bin-int\debug-windows-x86_64\psaux.obj
c:\users\okay\documents\projects\github\terran\terranengine\vendor\msdf-atlas-gen\msdfgen\freetype\bin-int\debug-windows-x86_64\type1.obj
c:\users\okay\documents\projects\github\terran\terranengine\vendor\msdf-atlas-gen\msdfgen\freetype\bin-int\debug-windows-x86_64\autofit.obj
c:\users\okay\documents\projects\github\terran\terranengine\vendor\msdf-atlas-gen\msdfgen\freetype\bin-int\debug-windows-x86_64\ftgxval.obj
c:\users\okay\documents\projects\github\terran\terranengine\vendor\msdf-atlas-gen\msdfgen\freetype\bin-int\debug-windows-x86_64\fttype1.obj
c:\users\okay\documents\projects\github\terran\terranengine\vendor\msdf-atlas-gen\msdfgen\freetype\bin-int\debug-windows-x86_64\ftgzip.obj
c:\users\okay\documents\projects\github\terran\terranengine\vendor\msdf-atlas-gen\msdfgen\freetype\bin-int\debug-windows-x86_64\sfnt.obj
c:\users\okay\documents\projects\github\terran\terranengine\vendor\msdf-atlas-gen\msdfgen\freetype\bin-int\debug-windows-x86_64\ftbase.obj
c:\users\okay\documents\projects\github\terran\terranengine\vendor\msdf-atlas-gen\msdfgen\freetype\bin-int\debug-windows-x86_64\ftpfr.obj
c:\users\okay\documents\projects\github\terran\terranengine\vendor\msdf-atlas-gen\msdfgen\freetype\bin-int\debug-windows-x86_64\ftcache.obj
c:\users\okay\documents\projects\github\terran\terranengine\vendor\msdf-atlas-gen\msdfgen\freetype\bin-int\debug-windows-x86_64\pshinter.obj
c:\users\okay\documents\projects\github\terran\terranengine\vendor\msdf-atlas-gen\msdfgen\freetype\bin-int\debug-windows-x86_64\type42.obj
c:\users\okay\documents\projects\github\terran\terranengine\vendor\msdf-atlas-gen\msdfgen\freetype\bin-int\debug-windows-x86_64\ftfstype.obj
c:\users\okay\documents\projects\github\terran\terranengine\vendor\msdf-atlas-gen\msdfgen\freetype\bin-int\debug-windows-x86_64\ftmm.obj
c:\users\okay\documents\projects\github\terran\terranengine\vendor\msdf-atlas-gen\msdfgen\freetype\bin-int\debug-windows-x86_64\bdf.obj
c:\users\okay\documents\projects\github\terran\terranengine\vendor\msdf-atlas-gen\msdfgen\freetype\bin-int\debug-windows-x86_64\pfr.obj
c:\users\okay\documents\projects\github\terran\terranengine\vendor\msdf-atlas-gen\msdfgen\freetype\bin-int\debug-windows-x86_64\truetype.obj
c:\users\okay\documents\projects\github\terran\terranengine\vendor\msdf-atlas-gen\msdfgen\freetype\bin\debug-windows-x86_64\freetype.pdb
c:\users\okay\documents\projects\github\terran\terranengine\vendor\msdf-atlas-gen\msdfgen\freetype\bin\debug-windows-x86_64\freetype.lib
c:\users\okay\documents\projects\github\terran\terranengine\vendor\msdf-atlas-gen\msdfgen\freetype\bin-int\debug-windows-x86_64\freetype.tlog\cl.10944.write.1.tlog
c:\users\okay\documents\projects\github\terran\terranengine\vendor\msdf-atlas-gen\msdfgen\freetype\bin-int\debug-windows-x86_64\freetype.tlog\cl.command.1.tlog
c:\users\okay\documents\projects\github\terran\terranengine\vendor\msdf-atlas-gen\msdfgen\freetype\bin-int\debug-windows-x86_64\freetype.tlog\cl.items.tlog
c:\users\okay\documents\projects\github\terran\terranengine\vendor\msdf-atlas-gen\msdfgen\freetype\bin-int\debug-windows-x86_64\freetype.tlog\cl.read.1.tlog
c:\users\okay\documents\projects\github\terran\terranengine\vendor\msdf-atlas-gen\msdfgen\freetype\bin-int\debug-windows-x86_64\freetype.tlog\lib-link.read.1.tlog
c:\users\okay\documents\projects\github\terran\terranengine\vendor\msdf-atlas-gen\msdfgen\freetype\bin-int\debug-windows-x86_64\freetype.tlog\lib-link.write.1.tlog
c:\users\okay\documents\projects\github\terran\terranengine\vendor\msdf-atlas-gen\msdfgen\freetype\bin-int\debug-windows-x86_64\freetype.tlog\lib.command.1.tlog
