  autofit.c
  ftbase.c
  ftbbox.c
  ftbdf.c
  ftbitmap.c
  ftcid.c
  ftdebug.c
  ftfstype.c
  ftgasp.c
  ftglyph.c
  ftgxval.c
  ftinit.c
  ftmm.c
  ftotval.c
  ftpatent.c
  ftpfr.c
  ftstroke.c
  ftsynth.c
  ftsystem.c
  fttype1.c
  ftwinfnt.c
  bdf.c
  ftbzip2.c
  ftcache.c
  cff.c
  type1cid.c
  ftgzip.c
  ftlzw.c
  pcf.c
  pfr.c
  psaux.c
  pshinter.c
  psnames.c
  raster.c
  sdf.c
C:\Users\OKAY\Documents\Projects\github\Terran\TerranEngine\vendor\msdf-atlas-gen\msdfgen\Freetype\src\cid\cidload.c(761,23): warning C4244: '=': conversion from '__int64' to 'FT_ULong', possible loss of data (compiling source file src\cid\type1cid.c)
  sfnt.c
  smooth.c
  truetype.c
C:\Users\OKAY\Documents\Projects\github\Terran\TerranEngine\vendor\msdf-atlas-gen\msdfgen\Freetype\src\psaux\t1decode.c(1993,23): warning C4267: '=': conversion from 'size_t' to 'FT_Int', possible loss of data (compiling source file src\psaux\psaux.c)
C:\Users\OKAY\Documents\Projects\github\Terran\TerranEngine\vendor\msdf-atlas-gen\msdfgen\Freetype\src\psaux\psintrp.c(1005,25): warning C4267: '=': conversion from 'size_t' to 'FT_Fast', possible loss of data (compiling source file src\psaux\psaux.c)
  type1.c
  type42.c
C:\Users\OKAY\Documents\Projects\github\Terran\TerranEngine\vendor\msdf-atlas-gen\msdfgen\Freetype\src\smooth\ftgrays.c(1701,20): warning C4267: '+=': conversion from 'size_t' to 'TCoord', possible loss of data (compiling source file src\smooth\smooth.c)
  winfnt.c
C:\Users\OKAY\Documents\Projects\github\Terran\TerranEngine\vendor\msdf-atlas-gen\msdfgen\Freetype\src\sfnt\sfdriver.c(859,13): warning C4267: '=': conversion from 'size_t' to 'FT_UInt', possible loss of data (compiling source file src\sfnt\sfnt.c)
C:\Users\OKAY\Documents\Projects\github\Terran\TerranEngine\vendor\msdf-atlas-gen\msdfgen\Freetype\src\sfnt\sfdriver.c(1011,36): warning C4244: 'function': conversion from '__int64' to 'const unsigned int', possible loss of data (compiling source file src\sfnt\sfnt.c)
C:\Users\OKAY\Documents\Projects\github\Terran\TerranEngine\vendor\msdf-atlas-gen\msdfgen\Freetype\src\truetype\ttgload.c(1906,42): warning C4312: 'type cast': conversion from 'unsigned long' to 'void *' of greater size (compiling source file src\truetype\truetype.c)
C:\Users\OKAY\Documents\Projects\github\Terran\TerranEngine\vendor\msdf-atlas-gen\msdfgen\Freetype\src\type1\t1driver.c(276,48): warning C4267: '=': conversion from 'size_t' to 'FT_ULong', possible loss of data (compiling source file src\type1\type1.c)
C:\Users\OKAY\Documents\Projects\github\Terran\TerranEngine\vendor\msdf-atlas-gen\msdfgen\Freetype\src\type1\t1driver.c(297,55): warning C4267: '=': conversion from 'size_t' to 'FT_ULong', possible loss of data (compiling source file src\type1\type1.c)
C:\Users\OKAY\Documents\Projects\github\Terran\TerranEngine\vendor\msdf-atlas-gen\msdfgen\Freetype\src\type1\t1driver.c(329,62): warning C4267: '=': conversion from 'size_t' to 'FT_ULong', possible loss of data (compiling source file src\type1\type1.c)
C:\Users\OKAY\Documents\Projects\github\Terran\TerranEngine\vendor\msdf-atlas-gen\msdfgen\Freetype\src\type1\t1driver.c(359,19): warning C4267: '=': conversion from 'size_t' to 'FT_UInt', possible loss of data (compiling source file src\type1\type1.c)
C:\Users\OKAY\Documents\Projects\github\Terran\TerranEngine\vendor\msdf-atlas-gen\msdfgen\Freetype\src\type1\t1driver.c(568,56): warning C4267: '=': conversion from 'size_t' to 'FT_ULong', possible loss of data (compiling source file src\type1\type1.c)
C:\Users\OKAY\Documents\Projects\github\Terran\TerranEngine\vendor\msdf-atlas-gen\msdfgen\Freetype\src\type1\t1driver.c(577,55): warning C4267: '=': conversion from 'size_t' to 'FT_ULong', possible loss of data (compiling source file src\type1\type1.c)
C:\Users\OKAY\Documents\Projects\github\Terran\TerranEngine\vendor\msdf-atlas-gen\msdfgen\Freetype\src\type1\t1driver.c(586,58): warning C4267: '=': conversion from 'size_t' to 'FT_ULong', possible loss of data (compiling source file src\type1\type1.c)
C:\Users\OKAY\Documents\Projects\github\Terran\TerranEngine\vendor\msdf-atlas-gen\msdfgen\Freetype\src\type1\t1driver.c(595,60): warning C4267: '=': conversion from 'size_t' to 'FT_ULong', possible loss of data (compiling source file src\type1\type1.c)
C:\Users\OKAY\Documents\Projects\github\Terran\TerranEngine\vendor\msdf-atlas-gen\msdfgen\Freetype\src\type1\t1driver.c(605,55): warning C4267: '=': conversion from 'size_t' to 'FT_ULong', possible loss of data (compiling source file src\type1\type1.c)
C:\Users\OKAY\Documents\Projects\github\Terran\TerranEngine\vendor\msdf-atlas-gen\msdfgen\Freetype\src\type1\t1load.c(1761,64): warning C4244: '=': conversion from '__int64' to 'FT_Int', possible loss of data (compiling source file src\type1\type1.c)
C:\Users\OKAY\Documents\Projects\github\Terran\TerranEngine\vendor\msdf-atlas-gen\msdfgen\Freetype\src\type1\t1load.c(1931,36): warning C4244: '=': conversion from '__int64' to 'FT_Int', possible loss of data (compiling source file src\type1\type1.c)
C:\Users\OKAY\Documents\Projects\github\Terran\TerranEngine\vendor\msdf-atlas-gen\msdfgen\Freetype\src\type42\t42parse.c(851,62): warning C4244: '=': conversion from '__int64' to 'FT_Int', possible loss of data (compiling source file src\type42\type42.c)
  Freetype.vcxproj -> C:\Users\OKAY\Documents\Projects\github\Terran\TerranEngine\vendor\msdf-atlas-gen\msdfgen\Freetype\bin\Debug-windows-x86_64\Freetype.lib
